

times in msec
 clock   self+sourced   self:  sourced script
 clock   elapsed:              other lines

000.010  000.010: --- NVIM STARTING ---
001.740  001.730: locale set
015.871  014.132: inits 1
015.908  000.037: window checked
020.248  004.340: parsing arguments
020.713  000.465: expanding arguments
020.797  000.084: inits 2
021.244  000.447: init highlight
021.246  000.002: waiting for UI
025.262  004.016: done waiting for UI
025.276  000.014: init screen for UI
025.306  000.030: init default mappings
025.680  000.374: init default autocommands
038.975  011.681  011.681: sourcing /Users/KBI11/.local/share/nvim/site/pack/packer/start/nord-vim/colors/nord.vim
052.296  026.197  014.516: sourcing /Users/KBI11/.config/nvim/init.lua
052.364  000.487: sourcing vimrc file(s)
061.451  000.048  000.048: sourcing /Users/KBI11/.local/share/nvim/site/pack/packer/start/nvim-treesitter/ftdetect/elixir.vim
061.615  000.028  000.028: sourcing /Users/KBI11/.local/share/nvim/site/pack/packer/start/nvim-treesitter/ftdetect/fish.vim
061.767  000.027  000.027: sourcing /Users/KBI11/.local/share/nvim/site/pack/packer/start/nvim-treesitter/ftdetect/gdresource.vim
061.911  000.020  000.020: sourcing /Users/KBI11/.local/share/nvim/site/pack/packer/start/nvim-treesitter/ftdetect/gdscript.vim
062.061  000.023  000.023: sourcing /Users/KBI11/.local/share/nvim/site/pack/packer/start/nvim-treesitter/ftdetect/gomod.vim
062.239  000.046  000.046: sourcing /Users/KBI11/.local/share/nvim/site/pack/packer/start/nvim-treesitter/ftdetect/graphql.vim
062.444  000.041  000.041: sourcing /Users/KBI11/.local/share/nvim/site/pack/packer/start/nvim-treesitter/ftdetect/hcl.vim
062.617  000.022  000.022: sourcing /Users/KBI11/.local/share/nvim/site/pack/packer/start/nvim-treesitter/ftdetect/heex.vim
062.785  000.027  000.027: sourcing /Users/KBI11/.local/share/nvim/site/pack/packer/start/nvim-treesitter/ftdetect/json5.vim
062.935  000.022  000.022: sourcing /Users/KBI11/.local/share/nvim/site/pack/packer/start/nvim-treesitter/ftdetect/julia.vim
063.101  000.030  000.030: sourcing /Users/KBI11/.local/share/nvim/site/pack/packer/start/nvim-treesitter/ftdetect/ledger.vim
063.248  000.021  000.021: sourcing /Users/KBI11/.local/share/nvim/site/pack/packer/start/nvim-treesitter/ftdetect/nix.vim
063.423  000.028  000.028: sourcing /Users/KBI11/.local/share/nvim/site/pack/packer/start/nvim-treesitter/ftdetect/ql.vim
063.584  000.036  000.036: sourcing /Users/KBI11/.local/share/nvim/site/pack/packer/start/nvim-treesitter/ftdetect/query.vim
063.730  000.022  000.022: sourcing /Users/KBI11/.local/share/nvim/site/pack/packer/start/nvim-treesitter/ftdetect/surface.vim
063.879  000.025  000.025: sourcing /Users/KBI11/.local/share/nvim/site/pack/packer/start/nvim-treesitter/ftdetect/teal.vim
064.030  000.024  000.024: sourcing /Users/KBI11/.local/share/nvim/site/pack/packer/start/nvim-treesitter/ftdetect/tlaplus.vim
064.176  000.022  000.022: sourcing /Users/KBI11/.local/share/nvim/site/pack/packer/start/nvim-treesitter/ftdetect/yang.vim
064.338  000.022  000.022: sourcing /Users/KBI11/.local/share/nvim/site/pack/packer/start/nvim-treesitter/ftdetect/zig.vim
065.576  012.867  012.332: sourcing /usr/local/Caskroom/neovim-nightly/latest/nvim-osx64/share/nvim/runtime/filetype.vim
066.487  000.052  000.052: sourcing /usr/local/Caskroom/neovim-nightly/latest/nvim-osx64/share/nvim/runtime/ftplugin.vim
067.334  000.051  000.051: sourcing /usr/local/Caskroom/neovim-nightly/latest/nvim-osx64/share/nvim/runtime/indent.vim
068.426  000.107  000.107: sourcing /usr/local/Caskroom/neovim-nightly/latest/nvim-osx64/share/nvim/runtime/syntax/synload.vim
068.552  000.467  000.360: sourcing /usr/local/Caskroom/neovim-nightly/latest/nvim-osx64/share/nvim/runtime/syntax/syntax.vim
078.531  000.356  000.356: sourcing /usr/local/Caskroom/neovim-nightly/latest/nvim-osx64/share/nvim/runtime/plugin/gzip.vim
078.708  000.026  000.026: sourcing /usr/local/Caskroom/neovim-nightly/latest/nvim-osx64/share/nvim/runtime/plugin/health.vim
078.983  000.133  000.133: sourcing /usr/local/Caskroom/neovim-nightly/latest/nvim-osx64/share/nvim/runtime/plugin/man.vim
082.704  000.210  000.210: sourcing /usr/local/Caskroom/neovim-nightly/latest/nvim-osx64/share/nvim/runtime/pack/dist/opt/matchit/plugin/matchit.vim
083.017  003.850  003.641: sourcing /usr/local/Caskroom/neovim-nightly/latest/nvim-osx64/share/nvim/runtime/plugin/matchit.vim
083.360  000.193  000.193: sourcing /usr/local/Caskroom/neovim-nightly/latest/nvim-osx64/share/nvim/runtime/plugin/matchparen.vim
083.929  000.415  000.415: sourcing /usr/local/Caskroom/neovim-nightly/latest/nvim-osx64/share/nvim/runtime/plugin/netrwPlugin.vim
084.426  000.023  000.023: sourcing /Users/KBI11/.local/share/nvim/rplugin.vim
084.446  000.349  000.326: sourcing /usr/local/Caskroom/neovim-nightly/latest/nvim-osx64/share/nvim/runtime/plugin/rplugin.vim
084.868  000.165  000.165: sourcing /usr/local/Caskroom/neovim-nightly/latest/nvim-osx64/share/nvim/runtime/plugin/shada.vim
085.076  000.039  000.039: sourcing /usr/local/Caskroom/neovim-nightly/latest/nvim-osx64/share/nvim/runtime/plugin/spellfile.vim
085.397  000.167  000.167: sourcing /usr/local/Caskroom/neovim-nightly/latest/nvim-osx64/share/nvim/runtime/plugin/tarPlugin.vim
085.666  000.112  000.112: sourcing /usr/local/Caskroom/neovim-nightly/latest/nvim-osx64/share/nvim/runtime/plugin/tohtml.vim
085.862  000.034  000.034: sourcing /usr/local/Caskroom/neovim-nightly/latest/nvim-osx64/share/nvim/runtime/plugin/tutor.vim
086.250  000.223  000.223: sourcing /usr/local/Caskroom/neovim-nightly/latest/nvim-osx64/share/nvim/runtime/plugin/zipPlugin.vim
105.274  018.569  018.569: sourcing /Users/KBI11/.config/nvim/plugin/packer_compiled.lua
106.312  015.879: loading plugins
111.904  000.032  000.032: sourcing /Users/KBI11/.local/share/nvim/site/pack/packer/start/indent-blankline.nvim/autoload/indent_blankline.vim
112.630  004.136  004.104: sourcing /Users/KBI11/.local/share/nvim/site/pack/packer/start/indent-blankline.nvim/plugin/indent_blankline.vim
113.957  000.062  000.062: sourcing /Users/KBI11/.local/share/nvim/site/pack/packer/start/lush.nvim/plugin/lush.vim
114.795  000.040  000.040: sourcing /Users/KBI11/.local/share/nvim/site/pack/packer/start/nightfox.nvim/plugin/nightfox.vim
115.848  000.098  000.098: sourcing /Users/KBI11/.local/share/nvim/site/pack/packer/start/nvim-lspconfig/plugin/lspconfig.vim
117.562  001.063  001.063: sourcing /Users/KBI11/.local/share/nvim/site/pack/packer/start/nvim-treesitter/plugin/nvim-treesitter.vim
118.198  000.051  000.051: sourcing /Users/KBI11/.local/share/nvim/site/pack/packer/start/nvim-web-devicons/plugin/nvim-web-devicons.vim
119.722  000.467  000.467: sourcing /Users/KBI11/.local/share/nvim/site/pack/packer/start/playground/plugin/nvim-treesitter-playground.vim
120.366  000.044  000.044: sourcing /Users/KBI11/.local/share/nvim/site/pack/packer/start/plenary.nvim/plugin/plenary.vim
121.682  000.168  000.168: sourcing /Users/KBI11/.local/share/nvim/site/pack/packer/start/vim-commentary/plugin/commentary.vim
122.665  000.412  000.412: sourcing /Users/KBI11/.local/share/nvim/site/pack/packer/start/vim-surround/plugin/surround.vim
123.260  010.407: loading packages
125.719  001.644  001.644: sourcing /Users/KBI11/.local/share/nvim/site/pack/packer/start/cmp-nvim-lsp/after/plugin/cmp_nvim_lsp.lua
125.950  001.046: loading after plugins
125.965  000.015: inits 3
131.753  005.788: reading ShaDa
132.276  000.523: opening buffers
132.339  000.063: BufEnter autocommands
132.341  000.002: editing files in windows
132.667  000.326: VimEnter autocommands
132.671  000.004: UIEnter autocommands
133.204  000.184  000.184: sourcing /usr/local/Caskroom/neovim-nightly/latest/nvim-osx64/share/nvim/runtime/autoload/provider/clipboard.vim
133.219  000.364: before starting main loop
138.472  005.252: first screen update
138.474  000.002: --- NVIM STARTED ---


times in msec
 clock   self+sourced   self:  sourced script
 clock   elapsed:              other lines

000.012  000.012: --- NVIM STARTING ---
001.536  001.525: locale set
013.229  011.693: inits 1
013.264  000.034: window checked
017.641  004.377: parsing arguments
017.999  000.359: expanding arguments
018.072  000.073: inits 2
018.502  000.429: init highlight
018.503  000.002: waiting for UI
022.707  004.203: done waiting for UI
022.725  000.018: init screen for UI
022.753  000.028: init default mappings
023.094  000.341: init default autocommands
035.339  010.897  010.897: sourcing /Users/KBI11/.local/share/nvim/site/pack/packer/start/nord-vim/colors/nord.vim
048.534  025.050  014.154: sourcing /Users/KBI11/.config/nvim/init.lua
048.586  000.441: sourcing vimrc file(s)
057.762  000.056  000.056: sourcing /Users/KBI11/.local/share/nvim/site/pack/packer/start/nvim-treesitter/ftdetect/elixir.vim
058.166  000.056  000.056: sourcing /Users/KBI11/.local/share/nvim/site/pack/packer/start/nvim-treesitter/ftdetect/fish.vim
058.488  000.043  000.043: sourcing /Users/KBI11/.local/share/nvim/site/pack/packer/start/nvim-treesitter/ftdetect/gdresource.vim
058.700  000.027  000.027: sourcing /Users/KBI11/.local/share/nvim/site/pack/packer/start/nvim-treesitter/ftdetect/gdscript.vim
058.888  000.027  000.027: sourcing /Users/KBI11/.local/share/nvim/site/pack/packer/start/nvim-treesitter/ftdetect/gomod.vim
059.093  000.045  000.045: sourcing /Users/KBI11/.local/share/nvim/site/pack/packer/start/nvim-treesitter/ftdetect/graphql.vim
059.303  000.048  000.048: sourcing /Users/KBI11/.local/share/nvim/site/pack/packer/start/nvim-treesitter/ftdetect/hcl.vim
059.495  000.031  000.031: sourcing /Users/KBI11/.local/share/nvim/site/pack/packer/start/nvim-treesitter/ftdetect/heex.vim
059.698  000.037  000.037: sourcing /Users/KBI11/.local/share/nvim/site/pack/packer/start/nvim-treesitter/ftdetect/json5.vim
059.934  000.036  000.036: sourcing /Users/KBI11/.local/share/nvim/site/pack/packer/start/nvim-treesitter/ftdetect/julia.vim
060.120  000.033  000.033: sourcing /Users/KBI11/.local/share/nvim/site/pack/packer/start/nvim-treesitter/ftdetect/ledger.vim
060.300  000.025  000.025: sourcing /Users/KBI11/.local/share/nvim/site/pack/packer/start/nvim-treesitter/ftdetect/nix.vim
060.501  000.034  000.034: sourcing /Users/KBI11/.local/share/nvim/site/pack/packer/start/nvim-treesitter/ftdetect/ql.vim
060.694  000.039  000.039: sourcing /Users/KBI11/.local/share/nvim/site/pack/packer/start/nvim-treesitter/ftdetect/query.vim
060.883  000.029  000.029: sourcing /Users/KBI11/.local/share/nvim/site/pack/packer/start/nvim-treesitter/ftdetect/surface.vim
061.068  000.027  000.027: sourcing /Users/KBI11/.local/share/nvim/site/pack/packer/start/nvim-treesitter/ftdetect/teal.vim
061.231  000.027  000.027: sourcing /Users/KBI11/.local/share/nvim/site/pack/packer/start/nvim-treesitter/ftdetect/tlaplus.vim
061.496  000.045  000.045: sourcing /Users/KBI11/.local/share/nvim/site/pack/packer/start/nvim-treesitter/ftdetect/yang.vim
061.704  000.028  000.028: sourcing /Users/KBI11/.local/share/nvim/site/pack/packer/start/nvim-treesitter/ftdetect/zig.vim
062.922  014.091  013.398: sourcing /usr/local/Caskroom/neovim-nightly/latest/nvim-osx64/share/nvim/runtime/filetype.vim
063.784  000.058  000.058: sourcing /usr/local/Caskroom/neovim-nightly/latest/nvim-osx64/share/nvim/runtime/ftplugin.vim
064.629  000.051  000.051: sourcing /usr/local/Caskroom/neovim-nightly/latest/nvim-osx64/share/nvim/runtime/indent.vim
065.834  000.108  000.108: sourcing /usr/local/Caskroom/neovim-nightly/latest/nvim-osx64/share/nvim/runtime/syntax/synload.vim
065.958  000.473  000.365: sourcing /usr/local/Caskroom/neovim-nightly/latest/nvim-osx64/share/nvim/runtime/syntax/syntax.vim
074.798  000.348  000.348: sourcing /usr/local/Caskroom/neovim-nightly/latest/nvim-osx64/share/nvim/runtime/plugin/gzip.vim
074.973  000.025  000.025: sourcing /usr/local/Caskroom/neovim-nightly/latest/nvim-osx64/share/nvim/runtime/plugin/health.vim
075.272  000.148  000.148: sourcing /usr/local/Caskroom/neovim-nightly/latest/nvim-osx64/share/nvim/runtime/plugin/man.vim
079.821  000.216  000.216: sourcing /usr/local/Caskroom/neovim-nightly/latest/nvim-osx64/share/nvim/runtime/pack/dist/opt/matchit/plugin/matchit.vim
080.139  003.629  003.414: sourcing /usr/local/Caskroom/neovim-nightly/latest/nvim-osx64/share/nvim/runtime/plugin/matchit.vim
080.471  000.184  000.184: sourcing /usr/local/Caskroom/neovim-nightly/latest/nvim-osx64/share/nvim/runtime/plugin/matchparen.vim
081.148  000.529  000.529: sourcing /usr/local/Caskroom/neovim-nightly/latest/nvim-osx64/share/nvim/runtime/plugin/netrwPlugin.vim
081.667  000.021  000.021: sourcing /Users/KBI11/.local/share/nvim/rplugin.vim
081.686  000.353  000.332: sourcing /usr/local/Caskroom/neovim-nightly/latest/nvim-osx64/share/nvim/runtime/plugin/rplugin.vim
081.997  000.149  000.149: sourcing /usr/local/Caskroom/neovim-nightly/latest/nvim-osx64/share/nvim/runtime/plugin/shada.vim
082.208  000.040  000.040: sourcing /usr/local/Caskroom/neovim-nightly/latest/nvim-osx64/share/nvim/runtime/plugin/spellfile.vim
082.533  000.164  000.164: sourcing /usr/local/Caskroom/neovim-nightly/latest/nvim-osx64/share/nvim/runtime/plugin/tarPlugin.vim
082.811  000.110  000.110: sourcing /usr/local/Caskroom/neovim-nightly/latest/nvim-osx64/share/nvim/runtime/plugin/tohtml.vim
083.011  000.037  000.037: sourcing /usr/local/Caskroom/neovim-nightly/latest/nvim-osx64/share/nvim/runtime/plugin/tutor.vim
083.384  000.220  000.220: sourcing /usr/local/Caskroom/neovim-nightly/latest/nvim-osx64/share/nvim/runtime/plugin/zipPlugin.vim
101.584  017.763  017.763: sourcing /Users/KBI11/.config/nvim/plugin/packer_compiled.lua
102.619  015.660: loading plugins
107.748  000.051  000.051: sourcing /Users/KBI11/.local/share/nvim/site/pack/packer/start/indent-blankline.nvim/autoload/indent_blankline.vim
108.416  004.035  003.984: sourcing /Users/KBI11/.local/share/nvim/site/pack/packer/start/indent-blankline.nvim/plugin/indent_blankline.vim
109.535  000.059  000.059: sourcing /Users/KBI11/.local/share/nvim/site/pack/packer/start/lush.nvim/plugin/lush.vim
110.777  000.102  000.102: sourcing /Users/KBI11/.local/share/nvim/site/pack/packer/start/nvim-lspconfig/plugin/lspconfig.vim
112.306  000.948  000.948: sourcing /Users/KBI11/.local/share/nvim/site/pack/packer/start/nvim-treesitter/plugin/nvim-treesitter.vim
113.169  000.054  000.054: sourcing /Users/KBI11/.local/share/nvim/site/pack/packer/start/nvim-web-devicons/plugin/nvim-web-devicons.vim
114.551  000.359  000.359: sourcing /Users/KBI11/.local/share/nvim/site/pack/packer/start/playground/plugin/nvim-treesitter-playground.vim
115.267  000.064  000.064: sourcing /Users/KBI11/.local/share/nvim/site/pack/packer/start/plenary.nvim/plugin/plenary.vim
116.219  000.171  000.171: sourcing /Users/KBI11/.local/share/nvim/site/pack/packer/start/vim-commentary/plugin/commentary.vim
117.207  000.422  000.422: sourcing /Users/KBI11/.local/share/nvim/site/pack/packer/start/vim-surround/plugin/surround.vim
117.822  008.988: loading packages
120.218  001.517  001.517: sourcing /Users/KBI11/.local/share/nvim/site/pack/packer/start/cmp-nvim-lsp/after/plugin/cmp_nvim_lsp.lua
120.482  001.142: loading after plugins
120.500  000.018: inits 3
126.999  006.498: reading ShaDa
133.981  000.132  000.132: sourcing /usr/local/Caskroom/neovim-nightly/latest/nvim-osx64/share/nvim/runtime/ftplugin/lua.vim
139.809  000.076  000.076: sourcing /usr/local/Caskroom/neovim-nightly/latest/nvim-osx64/share/nvim/runtime/indent/lua.vim
142.673  000.894  000.894: sourcing /usr/local/Caskroom/neovim-nightly/latest/nvim-osx64/share/nvim/runtime/syntax/lua.vim
161.004  032.903: opening buffers
161.032  000.029: BufEnter autocommands
161.036  000.004: editing files in windows
161.368  000.332: VimEnter autocommands
161.372  000.004: UIEnter autocommands
161.889  000.194  000.194: sourcing /usr/local/Caskroom/neovim-nightly/latest/nvim-osx64/share/nvim/runtime/autoload/provider/clipboard.vim
161.907  000.341: before starting main loop
189.451  027.544: first screen update
189.457  000.006: --- NVIM STARTED ---
